Arguments: 
  /usr/bin/node /usr/bin/yarn add expess

PATH: 
  /home/bernadine/bin:/home/bernadine/.local/bin:/usr/local/sbin:/usr/local/bin:/usr/sbin:/usr/bin:/sbin:/bin:/usr/games:/usr/local/games:/snap/bin

Yarn version: 
  1.7.0

Node version: 
  8.11.2

Platform: 
  linux x64

Trace: 
  Error: https://registry.yarnpkg.com/expess: Not found
      at Request.params.callback [as _callback] (/usr/lib/node_modules/yarn/lib/cli.js:65656:18)
      at Request.self.callback (/usr/lib/node_modules/yarn/lib/cli.js:134675:22)
      at emitTwo (events.js:126:13)
      at Request.emit (events.js:214:7)
      at Request.<anonymous> (/usr/lib/node_modules/yarn/lib/cli.js:135658:10)
      at emitOne (events.js:116:13)
      at Request.emit (events.js:211:7)
      at IncomingMessage.<anonymous> (/usr/lib/node_modules/yarn/lib/cli.js:135578:12)
      at Object.onceWrapper (events.js:313:30)
      at emitNone (events.js:111:20)

npm manifest: 
  {
    "name": "my-personal-andrewmead-node-work",
    "version": "1.0.0",
    "description": "",
    "main": "index.js",
    "scripts": {
      "test": "echo \"Error: no test specified\" && exit 1"
    },
    "author": "",
    "license": "ISC",
    "dependencies": {
      "axios": "^0.18.0",
      "lodash": "^4.17.10",
      "request": "^2.87.0",
      "yargs": "^12.0.2"
    }
  }

yarn manifest: 
  No manifest

Lockfile: 
  No lockfile
